<?xml version="1.0" encoding="UTF-8"?>
<testsuite name="ca.uqam.unittests.LouerVoitureClientEnregistreTest" time="1.231" tests="4" errors="4" skipped="0" failures="0">
  <properties>
    <property name="java.runtime.name" value="Java(TM) SE Runtime Environment"/>
    <property name="sun.boot.library.path" value="/Library/Java/JavaVirtualMachines/jdk1.8.0_71.jdk/Contents/Home/jre/lib"/>
    <property name="java.vm.version" value="25.71-b15"/>
    <property name="user.country.format" value="CA"/>
    <property name="gopherProxySet" value="false"/>
    <property name="java.vm.vendor" value="Oracle Corporation"/>
    <property name="maven.multiModuleProjectDirectory" value="/Users/koubouramama/Documents/workspace/GestionLocations"/>
    <property name="java.vendor.url" value="http://java.oracle.com/"/>
    <property name="path.separator" value=":"/>
    <property name="guice.disable.misplaced.annotation.check" value="true"/>
    <property name="java.vm.name" value="Java HotSpot(TM) 64-Bit Server VM"/>
    <property name="file.encoding.pkg" value="sun.io"/>
    <property name="user.country" value="FR"/>
    <property name="sun.java.launcher" value="SUN_STANDARD"/>
    <property name="sun.os.patch.level" value="unknown"/>
    <property name="java.vm.specification.name" value="Java Virtual Machine Specification"/>
    <property name="user.dir" value="/Users/koubouramama/Documents/workspace/GestionLocations"/>
    <property name="java.runtime.version" value="1.8.0_71-b15"/>
    <property name="java.awt.graphicsenv" value="sun.awt.CGraphicsEnvironment"/>
    <property name="java.endorsed.dirs" value="/Library/Java/JavaVirtualMachines/jdk1.8.0_71.jdk/Contents/Home/jre/lib/endorsed"/>
    <property name="os.arch" value="x86_64"/>
    <property name="java.io.tmpdir" value="/var/folders/4z/dtht0v2953x0y9579ht8fyn40000gn/T/"/>
    <property name="line.separator" value="&#10;"/>
    <property name="java.vm.specification.vendor" value="Oracle Corporation"/>
    <property name="os.name" value="Mac OS X"/>
    <property name="classworlds.conf" value="/Users/koubouramama/Documents/workspace/.metadata/.plugins/org.eclipse.m2e.launching/launches/m2conf8358683767456807341.tmp"/>
    <property name="sun.jnu.encoding" value="UTF-8"/>
    <property name="java.library.path" value="/Users/koubouramama/Library/Java/Extensions:/Library/Java/Extensions:/Network/Library/Java/Extensions:/System/Library/Java/Extensions:/usr/lib/java:."/>
    <property name="java.specification.name" value="Java Platform API Specification"/>
    <property name="java.class.version" value="52.0"/>
    <property name="sun.management.compiler" value="HotSpot 64-Bit Tiered Compilers"/>
    <property name="os.version" value="10.11.6"/>
    <property name="http.nonProxyHosts" value="local|*.local|169.254/16|*.169.254/16"/>
    <property name="user.home" value="/Users/koubouramama"/>
    <property name="user.timezone" value="America/Toronto"/>
    <property name="java.awt.printerjob" value="sun.lwawt.macosx.CPrinterJob"/>
    <property name="java.specification.version" value="1.8"/>
    <property name="file.encoding" value="UTF-8"/>
    <property name="user.name" value="koubouramama"/>
    <property name="java.class.path" value="/Users/koubouramama/Downloads/Eclipse.app/Contents/Eclipse/plugins/org.eclipse.m2e.maven.runtime_1.7.0.20160603-1931/jars/plexus-classworlds-2.5.2.jar"/>
    <property name="java.vm.specification.version" value="1.8"/>
    <property name="sun.arch.data.model" value="64"/>
    <property name="java.home" value="/Library/Java/JavaVirtualMachines/jdk1.8.0_71.jdk/Contents/Home/jre"/>
    <property name="sun.java.command" value="org.codehaus.plexus.classworlds.launcher.Launcher -B install"/>
    <property name="java.specification.vendor" value="Oracle Corporation"/>
    <property name="user.language" value="fr"/>
    <property name="awt.toolkit" value="sun.lwawt.macosx.LWCToolkit"/>
    <property name="java.vm.info" value="mixed mode"/>
    <property name="java.version" value="1.8.0_71"/>
    <property name="java.ext.dirs" value="/Users/koubouramama/Library/Java/Extensions:/Library/Java/JavaVirtualMachines/jdk1.8.0_71.jdk/Contents/Home/jre/lib/ext:/Library/Java/Extensions:/Network/Library/Java/Extensions:/System/Library/Java/Extensions:/usr/lib/java"/>
    <property name="sun.boot.class.path" value="/Library/Java/JavaVirtualMachines/jdk1.8.0_71.jdk/Contents/Home/jre/lib/resources.jar:/Library/Java/JavaVirtualMachines/jdk1.8.0_71.jdk/Contents/Home/jre/lib/rt.jar:/Library/Java/JavaVirtualMachines/jdk1.8.0_71.jdk/Contents/Home/jre/lib/sunrsasign.jar:/Library/Java/JavaVirtualMachines/jdk1.8.0_71.jdk/Contents/Home/jre/lib/jsse.jar:/Library/Java/JavaVirtualMachines/jdk1.8.0_71.jdk/Contents/Home/jre/lib/jce.jar:/Library/Java/JavaVirtualMachines/jdk1.8.0_71.jdk/Contents/Home/jre/lib/charsets.jar:/Library/Java/JavaVirtualMachines/jdk1.8.0_71.jdk/Contents/Home/jre/lib/jfr.jar:/Library/Java/JavaVirtualMachines/jdk1.8.0_71.jdk/Contents/Home/jre/classes"/>
    <property name="java.vendor" value="Oracle Corporation"/>
    <property name="maven.home" value="/Users/koubouramama/Documents/workspace/GestionLocations/EMBEDDED"/>
    <property name="file.separator" value="/"/>
    <property name="java.vendor.url.bug" value="http://bugreport.sun.com/bugreport/"/>
    <property name="sun.cpu.endian" value="little"/>
    <property name="sun.io.unicode.encoding" value="UnicodeBig"/>
    <property name="socksNonProxyHosts" value="local|*.local|169.254/16|*.169.254/16"/>
    <property name="ftp.nonProxyHosts" value="local|*.local|169.254/16|*.169.254/16"/>
    <property name="sun.cpu.isalist" value=""/>
  </properties>
  <testcase name="verifierClientTest" classname="ca.uqam.unittests.LouerVoitureClientEnregistreTest" time="0.354">
    <error type="java.lang.NullPointerException:">java.lang.NullPointerException: null
	at ca.uqam.unittests.LouerVoitureClientEnregistreTest.verifierClientTest(LouerVoitureClientEnregistreTest.java:69)
</error>
    <system-out><![CDATA[
  .   ____          _            __ _ _
 /\\ / ___'_ __ _ _(_)_ __  __ _ \ \ \ \
( ( )\___ | '_ | '_| | '_ \/ _` | \ \ \ \
 \\/  ___)| |_)| | | | | || (_| |  ) ) ) )
  '  |____| .__|_| |_|_| |_\__, | / / / /
 =========|_|==============|___/=/_/_/_/
 :: Spring Boot ::        (v1.4.2.RELEASE)

2016-12-05 14:33:27.821  INFO 5115 --- [           main] o.a.maven.surefire.booter.ForkedBooter   : Starting ForkedBooter v2.18.1 on Koubouras-Air.lan with PID 5115 (started by koubouramama in /Users/koubouramama/Documents/workspace/GestionLocations)
2016-12-05 14:33:27.827  INFO 5115 --- [           main] o.a.maven.surefire.booter.ForkedBooter   : No active profile set, falling back to default profiles: default
2016-12-05 14:33:28.371  INFO 5115 --- [           main] s.c.a.AnnotationConfigApplicationContext : Refreshing org.springframework.context.annotation.AnnotationConfigApplicationContext@7c7a06ec: startup date [Mon Dec 05 14:33:28 EST 2016]; root of context hierarchy
2016-12-05 14:33:29.006  INFO 5115 --- [           main] f.a.AutowiredAnnotationBeanPostProcessor : JSR-330 'javax.inject.Inject' annotation found and supported for autowiring
2016-12-05 14:33:29.597  INFO 5115 --- [           main] j.LocalContainerEntityManagerFactoryBean : Building JPA container EntityManagerFactory for persistence unit 'default'
2016-12-05 14:33:29.621  INFO 5115 --- [           main] o.hibernate.jpa.internal.util.LogHelper  : HHH000204: Processing PersistenceUnitInfo [
	name: default
	...]
2016-12-05 14:33:29.789  INFO 5115 --- [           main] org.hibernate.Version                    : HHH000412: Hibernate Core {5.0.11.Final}
2016-12-05 14:33:29.794  INFO 5115 --- [           main] org.hibernate.cfg.Environment            : HHH000206: hibernate.properties not found
2016-12-05 14:33:29.797  INFO 5115 --- [           main] org.hibernate.cfg.Environment            : HHH000021: Bytecode provider name : javassist
2016-12-05 14:33:29.886  INFO 5115 --- [           main] o.hibernate.annotations.common.Version   : HCANN000001: Hibernate Commons Annotations {5.0.1.Final}
2016-12-05 14:33:30.637  INFO 5115 --- [           main] org.hibernate.dialect.Dialect            : HHH000400: Using dialect: org.hibernate.dialect.H2Dialect
2016-12-05 14:33:32.115  INFO 5115 --- [           main] org.hibernate.tool.hbm2ddl.SchemaUpdate  : HHH000228: Running hbm2ddl schema update
2016-12-05 14:33:32.309  INFO 5115 --- [           main] j.LocalContainerEntityManagerFactoryBean : Initialized JPA EntityManagerFactory for persistence unit 'default'
2016-12-05 14:33:33.185  INFO 5115 --- [           main] o.a.maven.surefire.booter.ForkedBooter   : Started ForkedBooter in 5.973 seconds (JVM running for 6.797)
2016-12-05 14:33:33.225  INFO 5115 --- [           main] o.h.h.i.QueryTranslatorFactoryInitiator  : HHH000397: Using ASTQueryTranslatorFactory
]]></system-out>
  </testcase>
  <testcase name="loueVoitureTest" classname="ca.uqam.unittests.LouerVoitureClientEnregistreTest" time="0.002">
    <error type="java.lang.NullPointerException:">java.lang.NullPointerException: null
	at ca.uqam.unittests.LouerVoitureClientEnregistreTest.loueVoitureTest(LouerVoitureClientEnregistreTest.java:75)
</error>
  </testcase>
  <testcase name="retrouverVehiculeTest" classname="ca.uqam.unittests.LouerVoitureClientEnregistreTest" time="0.005">
    <error type="java.lang.NullPointerException:">java.lang.NullPointerException: null
	at ca.uqam.unittests.LouerVoitureClientEnregistreTest.retrouverVehiculeTest(LouerVoitureClientEnregistreTest.java:63)
</error>
  </testcase>
  <testcase name="voituresDisponiblesTest" classname="ca.uqam.unittests.LouerVoitureClientEnregistreTest" time="0.87">
    <error type="java.lang.NullPointerException:">java.lang.NullPointerException: null
	at ca.uqam.unittests.LouerVoitureClientEnregistreTest.voituresDisponiblesTest(LouerVoitureClientEnregistreTest.java:57)
</error>
    <system-out><![CDATA[
  .   ____          _            __ _ _
 /\\ / ___'_ __ _ _(_)_ __  __ _ \ \ \ \
( ( )\___ | '_ | '_| | '_ \/ _` | \ \ \ \
 \\/  ___)| |_)| | | | | || (_| |  ) ) ) )
  '  |____| .__|_| |_|_| |_\__, | / / / /
 =========|_|==============|___/=/_/_/_/
 :: Spring Boot ::        (v1.4.2.RELEASE)

2016-12-05 14:33:33.697  INFO 5115 --- [           main] o.a.maven.surefire.booter.ForkedBooter   : Starting ForkedBooter v2.18.1 on Koubouras-Air.lan with PID 5115 (started by koubouramama in /Users/koubouramama/Documents/workspace/GestionLocations)
2016-12-05 14:33:33.698  INFO 5115 --- [           main] o.a.maven.surefire.booter.ForkedBooter   : No active profile set, falling back to default profiles: default
2016-12-05 14:33:33.704  INFO 5115 --- [           main] s.c.a.AnnotationConfigApplicationContext : Refreshing org.springframework.context.annotation.AnnotationConfigApplicationContext@7499eac7: startup date [Mon Dec 05 14:33:33 EST 2016]; root of context hierarchy
2016-12-05 14:33:33.896  INFO 5115 --- [           main] f.a.AutowiredAnnotationBeanPostProcessor : JSR-330 'javax.inject.Inject' annotation found and supported for autowiring
2016-12-05 14:33:33.988  INFO 5115 --- [           main] j.LocalContainerEntityManagerFactoryBean : Building JPA container EntityManagerFactory for persistence unit 'default'
2016-12-05 14:33:33.989  INFO 5115 --- [           main] o.hibernate.jpa.internal.util.LogHelper  : HHH000204: Processing PersistenceUnitInfo [
	name: default
	...]
2016-12-05 14:33:34.002  INFO 5115 --- [           main] org.hibernate.dialect.Dialect            : HHH000400: Using dialect: org.hibernate.dialect.H2Dialect
2016-12-05 14:33:34.109  INFO 5115 --- [           main] org.hibernate.tool.hbm2ddl.SchemaUpdate  : HHH000228: Running hbm2ddl schema update
2016-12-05 14:33:34.180  WARN 5115 --- [           main] o.h.j.i.EntityManagerFactoryRegistry     : HHH000436: Entity manager factory name (default) is already registered.  If entity manager will be clustered or passivated, specify a unique value for property 'hibernate.ejb.entitymanager_factory_name'
2016-12-05 14:33:34.180  INFO 5115 --- [           main] j.LocalContainerEntityManagerFactoryBean : Initialized JPA EntityManagerFactory for persistence unit 'default'
2016-12-05 14:33:34.411  INFO 5115 --- [           main] o.a.maven.surefire.booter.ForkedBooter   : Started ForkedBooter in 0.836 seconds (JVM running for 8.023)
2016-12-05 14:33:34.414  INFO 5115 --- [           main] o.h.h.i.QueryTranslatorFactoryInitiator  : HHH000397: Using ASTQueryTranslatorFactory
]]></system-out>
  </testcase>
</testsuite>